[14:24:10] [ServerMain/INFO]: Environment: Environment[sessionHost=https://sessionserver.mojang.com, servicesHost=https://api.minecraftservices.com, name=PROD]
[14:24:11] [ServerMain/INFO]: Loaded 1174 recipes
[14:24:12] [ServerMain/INFO]: Loaded 1271 advancements
[14:24:12] [Server thread/INFO]: Starting minecraft server version 1.20.4
[14:24:12] [Server thread/INFO]: Loading properties
[14:24:12] [Server thread/INFO]: This server is running Paper version git-Paper-448 (MC: 1.20.4) (Implementing API version 1.20.4-R0.1-SNAPSHOT) (Git: a0931f4)
[14:24:13] [Server thread/INFO]: Server Ping Player Sample Count: 12
[14:24:13] [Server thread/INFO]: Using 4 threads for Netty based IO
[14:24:13] [Server thread/WARN]: [!] The timings profiler has been enabled but has been scheduled for removal from Paper in the future.
    We recommend installing the spark profiler as a replacement: https://spark.lucko.me/
    For more information please visit: https://github.com/PaperMC/Paper/issues/8948
[14:24:13] [Server thread/INFO]: [ChunkTaskScheduler] Chunk system is using 1 I/O threads, 3 worker threads, and gen parallelism of 3 threads
[14:24:13] [Server thread/INFO]: Default game type: SURVIVAL
[14:24:13] [Server thread/INFO]: Generating keypair
[14:24:13] [Server thread/INFO]: Starting Minecraft server on *:25565
[14:24:13] [Server thread/INFO]: Using default channel type
[14:24:13] [Server thread/INFO]: Paper: Using Java compression from Velocity.
[14:24:13] [Server thread/INFO]: Paper: Using Java cipher from Velocity.
[14:24:13] [Server thread/INFO]: [playit-gg] Loading server plugin playit-gg v0.1.4
[14:24:13] [Server thread/INFO]: [Geyser-Spigot] Loading server plugin Geyser-Spigot v2.2.2-SNAPSHOT
[14:24:14] [Server thread/INFO]: [Geyser-Spigot] Loading extensions...
[14:24:14] [Server thread/INFO]: [Geyser-Spigot] Loaded 0 extension(s)
[14:24:14] [Server thread/INFO]: [BlockLocker] Loading server plugin BlockLocker v1.12.1
[14:24:14] [Server thread/INFO]: [AngelChest] Loading server plugin AngelChest v11.0.1
[14:24:14] [Server thread/INFO]: [AdvancedTeleport] Loading server plugin AdvancedTeleport v6.0.0
[14:24:14] [Server thread/INFO]: [AdvancedTeleport] Verifying checksum for gson
[14:24:14] [Server thread/INFO]: [AdvancedTeleport] Checksum matched for gson
[14:24:14] [Server thread/INFO]: [AdvancedTeleport] Verifying checksum for jar-relocator
[14:24:14] [Server thread/INFO]: [AdvancedTeleport] Checksum matched for jar-relocator
[14:24:14] [Server thread/INFO]: [AdvancedTeleport] Verifying checksum for asm
[14:24:14] [Server thread/INFO]: [AdvancedTeleport] Checksum matched for asm
[14:24:14] [Server thread/INFO]: [AdvancedTeleport] Verifying checksum for asm-commons
[14:24:14] [Server thread/INFO]: [AdvancedTeleport] Checksum matched for asm-commons
[14:24:14] [Server thread/INFO]: [AdvancedTeleport] Verifying checksum for gson
[14:24:14] [Server thread/INFO]: [AdvancedTeleport] Checksum matched for gson
[14:24:20] [Server thread/INFO]: [AdvancedTeleport] Verifying checksum for kotlin-stdlib-jdk8
[14:24:20] [Server thread/INFO]: [AdvancedTeleport] Checksum matched for kotlin-stdlib-jdk8
[14:24:20] [Server thread/INFO]: [AdvancedTeleport] Verifying checksum for kotlin-stdlib
[14:24:20] [Server thread/INFO]: [AdvancedTeleport] Checksum matched for kotlin-stdlib
[14:24:20] [Server thread/INFO]: [AdvancedTeleport] Verifying checksum for kotlin-stdlib-common
[14:24:20] [Server thread/INFO]: [AdvancedTeleport] Checksum matched for kotlin-stdlib-common
[14:24:20] [Server thread/INFO]: [AdvancedTeleport] Verifying checksum for annotations
[14:24:20] [Server thread/INFO]: [AdvancedTeleport] Checksum matched for annotations
[14:24:20] [Server thread/INFO]: [AdvancedTeleport] Verifying checksum for kotlin-stdlib-jdk7
[14:24:20] [Server thread/INFO]: [AdvancedTeleport] Checksum matched for kotlin-stdlib-jdk7
[14:24:20] [Server thread/INFO]: [AdvancedTeleport] Verifying checksum for kotlin-reflect
[14:24:20] [Server thread/INFO]: [AdvancedTeleport] Checksum matched for kotlin-reflect
[14:24:20] [Server thread/INFO]: [AdvancedTeleport] Verifying checksum for adventure-api
[14:24:20] [Server thread/INFO]: [AdvancedTeleport] Checksum matched for adventure-api
[14:24:20] [Server thread/INFO]: [AdvancedTeleport] Verifying checksum for adventure-key
[14:24:21] [Server thread/INFO]: [AdvancedTeleport] Checksum matched for adventure-key
[14:24:21] [Server thread/INFO]: [AdvancedTeleport] Verifying checksum for examination-api
[14:24:21] [Server thread/INFO]: [AdvancedTeleport] Checksum matched for examination-api
[14:24:21] [Server thread/INFO]: [AdvancedTeleport] Verifying checksum for examination-string
[14:24:21] [Server thread/INFO]: [AdvancedTeleport] Checksum matched for examination-string
[14:24:21] [Server thread/INFO]: [AdvancedTeleport] Verifying checksum for adventure-text-minimessage
[14:24:21] [Server thread/INFO]: [AdvancedTeleport] Checksum matched for adventure-text-minimessage
[14:24:21] [Server thread/INFO]: [AdvancedTeleport] Verifying checksum for adventure-platform-bukkit
[14:24:21] [Server thread/INFO]: [AdvancedTeleport] Checksum matched for adventure-platform-bukkit
[14:24:21] [Server thread/INFO]: [AdvancedTeleport] Verifying checksum for adventure-text-serializer-gson-legacy-impl
[14:24:21] [Server thread/INFO]: [AdvancedTeleport] Checksum matched for adventure-text-serializer-gson-legacy-impl
[14:24:21] [Server thread/INFO]: [AdvancedTeleport] Verifying checksum for adventure-text-serializer-gson
[14:24:21] [Server thread/INFO]: [AdvancedTeleport] Checksum matched for adventure-text-serializer-gson
[14:24:21] [Server thread/INFO]: [AdvancedTeleport] Verifying checksum for adventure-nbt
[14:24:21] [Server thread/INFO]: [AdvancedTeleport] Checksum matched for adventure-nbt
[14:24:21] [Server thread/INFO]: [AdvancedTeleport] Verifying checksum for adventure-platform-facet
[14:24:21] [Server thread/INFO]: [AdvancedTeleport] Checksum matched for adventure-platform-facet
[14:24:21] [Server thread/INFO]: [AdvancedTeleport] Verifying checksum for adventure-platform-api
[14:24:21] [Server thread/INFO]: [AdvancedTeleport] Checksum matched for adventure-platform-api
[14:24:21] [Server thread/INFO]: [AdvancedTeleport] Verifying checksum for adventure-platform-viaversion
[14:24:21] [Server thread/INFO]: [AdvancedTeleport] Checksum matched for adventure-platform-viaversion
[14:24:21] [Server thread/INFO]: [AdvancedTeleport] Verifying checksum for adventure-text-serializer-bungeecord
[14:24:21] [Server thread/INFO]: [AdvancedTeleport] Checksum matched for adventure-text-serializer-bungeecord
[14:24:21] [Server thread/INFO]: [AdvancedTeleport] Verifying checksum for adventure-text-serializer-legacy
[14:24:21] [Server thread/INFO]: [AdvancedTeleport] Checksum matched for adventure-text-serializer-legacy
[14:24:21] [Server thread/INFO]: [AdvancedTeleport] Verifying checksum for bstats-bukkit
[14:24:21] [Server thread/INFO]: [AdvancedTeleport] Checksum matched for bstats-bukkit
[14:24:21] [Server thread/INFO]: [AdvancedTeleport] Verifying checksum for bstats-base
[14:24:21] [Server thread/INFO]: [AdvancedTeleport] Checksum matched for bstats-base
[14:24:21] [Server thread/INFO]: [AdvancedTeleport] Verifying checksum for paperlib
[14:24:21] [Server thread/INFO]: [AdvancedTeleport] Checksum matched for paperlib
[14:24:21] [Server thread/INFO]: [AdvancedTeleport] Verifying checksum for ConfigurationMaster-API
[14:24:21] [Server thread/INFO]: [AdvancedTeleport] Checksum matched for ConfigurationMaster-API
[14:24:21] [Server thread/INFO]: Server permissions file permissions.yml is empty, ignoring it
[14:24:21] [Server thread/INFO]: [BlockLocker] Enabling BlockLocker v1.12.1
[14:24:22] [Server thread/WARN]: **** SERVER IS RUNNING IN OFFLINE/INSECURE MODE!
[14:24:22] [Server thread/WARN]: The server will make no attempt to authenticate usernames. Beware.
[14:24:22] [Server thread/WARN]: While this makes the game possible to play without internet access, it also opens up the ability for hackers to connect with any username they choose.
[14:24:22] [Server thread/WARN]: To change this, set "online-mode" to "true" in the server.properties file.
[14:24:22] [Server thread/INFO]: Preparing level "world"
[14:24:23] [Server thread/INFO]: Preparing start region for dimension minecraft:overworld
[14:24:23] [Server thread/INFO]: Time elapsed: 239 ms
[14:24:23] [Server thread/INFO]: Preparing start region for dimension minecraft:the_nether
[14:24:23] [Server thread/INFO]: Time elapsed: 42 ms
[14:24:23] [Server thread/INFO]: Preparing start region for dimension minecraft:the_end
[14:24:23] [Server thread/INFO]: Time elapsed: 24 ms
[14:24:23] [Server thread/INFO]: [playit-gg] Enabling playit-gg v0.1.4
[14:24:23] [Thread-8/INFO]: [gg.playit.minecraft.PlayitKeysSetup] secret key found, checking
[14:24:23] [Thread-8/INFO]: [gg.playit.minecraft.PlayitKeysSetup] check secret
[14:24:23] [Server thread/INFO]: [Geyser-Spigot] Enabling Geyser-Spigot v2.2.2-SNAPSHOT
[14:24:23] [Server thread/INFO]: [AngelChest] Enabling AngelChest v11.0.1
[14:24:24] [Server thread/INFO]: [AngelChest] groups.yml does not exist, skipping custom group settings.
[14:24:24] [Server thread/INFO]: [AngelChest] blacklist.yml does not exist, disabling item blacklist.
[14:24:24] [Server thread/INFO]: [AngelChest] Not using premium version, disabling Graveyards feature
[14:24:24] [Server thread/INFO]: [AngelChest] Vault not installed, disabling economy functions.
[14:24:24] [Server thread/INFO]: [AngelChest] [ACF] Enabled Asynchronous Tab Completion Support!
[14:24:24] [Server thread/INFO]: [AngelChest] Successfully enabled AngelChest v11.0.1 (Premium: false)
[14:24:24] [Server thread/INFO]: [AdvancedTeleport] Enabling AdvancedTeleport v6.0.0
[14:24:24] [Server thread/INFO]: [AdvancedTeleport] Performing server version check.
[14:24:24] [Server thread/INFO]: [AdvancedTeleport] Detected major version: 20
[14:24:24] [Server thread/INFO]: [AdvancedTeleport] Advanced Teleport is now enabling...
[14:24:24] [Server thread/INFO]: [AdvancedTeleport] Setting up permissions integration with Vault.
[14:24:24] [Server thread/INFO]: [AdvancedTeleport] Vault is not on the server, skipping.
[14:24:24] [Server thread/INFO]: [AdvancedTeleport] Loading MainConfig.
[14:24:24] [Server thread/WARN]: [AdvancedTeleport] Failed to parse payment 100.0 for command tpa! Error message: net/milkbowl/vault/economy/Economy
[14:24:24] [Server thread/WARN]: [AdvancedTeleport] Failed to parse payment 100.0 for command tpahere! Error message: net/milkbowl/vault/economy/Economy
[14:24:24] [Server thread/WARN]: [AdvancedTeleport] Failed to parse payment 100.0 for command tpr! Error message: net/milkbowl/vault/economy/Economy
[14:24:24] [Server thread/WARN]: [AdvancedTeleport] Failed to parse payment 100.0 for command spawn! Error message: net/milkbowl/vault/economy/Economy
[14:24:24] [Server thread/WARN]: [AdvancedTeleport] Failed to parse payment 100.0 for command warp! Error message: net/milkbowl/vault/economy/Economy
[14:24:24] [Server thread/WARN]: [AdvancedTeleport] Failed to parse payment 100.0 for command home! Error message: net/milkbowl/vault/economy/Economy
[14:24:24] [Server thread/WARN]: [AdvancedTeleport] Failed to parse payment 100.0 for command back! Error message: net/milkbowl/vault/economy/Economy
[14:24:24] [Server thread/INFO]: [AdvancedTeleport] Registered the image warp_default!
[14:24:24] [Server thread/INFO]: [AdvancedTeleport] Registered the image home_default!
[14:24:24] [Server thread/INFO]: [AdvancedTeleport] Registered the image spawn_default!
[14:24:24] [Server thread/INFO]: [Geyser-Spigot] ******************************************
[14:24:24] [Server thread/INFO]: [Geyser-Spigot] 
[14:24:24] [Server thread/INFO]: [Geyser-Spigot] Loading Geyser version 2.2.2-SNAPSHOT (git-master-c91ee53)
[14:24:24] [Server thread/INFO]: [Geyser-Spigot] 
[14:24:24] [Server thread/INFO]: [Geyser-Spigot] ******************************************
[14:24:27] [Server thread/INFO]: [Geyser-Spigot] Started Geyser on 0.0.0.0:19132
[14:24:27] [Server thread/INFO]: [Geyser-Spigot] Done (3.002s)! Run /geyser help for help!
[14:24:27] [Server thread/INFO]: Running delayed init tasks
[14:24:27] [Server thread/INFO]: Done (15.424s)! For help, type "help"
[14:24:27] [Craft Scheduler Thread - 7 - AdvancedTeleport/INFO]: [AdvancedTeleport] Preparing random teleportation locations. If your server performance or memory suffers, please set `use-rapid-response` to false in the config.yml file.
[14:24:27] [Server thread/INFO]: Timings Reset
[14:24:28] [Thread-8/INFO]: [gg.playit.minecraft.PlayitKeysSetup] found minecraft java tunnel: default-she.joinmc.link
[14:24:28] [Thread-8/INFO]: [gg.playit.minecraft.PlayitManager] keys and tunnel setup
[14:24:28] [Thread-8/INFO]: playit.gg: tunnel setup
[14:24:28] [Thread-8/INFO]: playit.gg: default-she.joinmc.link
[14:24:28] [Craft Scheduler Thread - 7 - AdvancedTeleport/INFO]: [AdvancedTeleport] A new version is available!
[14:24:28] [Craft Scheduler Thread - 7 - AdvancedTeleport/INFO]: [AdvancedTeleport] Current version you're using: 6.0.0
[14:24:28] [Craft Scheduler Thread - 7 - AdvancedTeleport/INFO]: [AdvancedTeleport] Latest version available: 6.0.1
[14:24:28] [Craft Scheduler Thread - 7 - AdvancedTeleport/INFO]: [AdvancedTeleport] Download link: https://www.spigotmc.org/resources/advancedteleport.64139/
[14:24:29] [Thread-8/INFO]: [gg.playit.control.ChannelSetup] request queued, waiting 1 second before resend
[14:24:30] [Server thread/INFO]: [AngelChest] ========================================================
[14:24:30] [Server thread/INFO]: [AngelChest] You are using the free version of AngelChest. There is
[14:24:30] [Server thread/INFO]: [AngelChest] also a premium version available, called AngelChestPlus.
[14:24:30] [Server thread/INFO]: [AngelChest] It includes TONS of new features and exclusive Discord
[14:24:30] [Server thread/INFO]: [AngelChest] support. The free version will still receive bugfixes,
[14:24:30] [Server thread/INFO]: [AngelChest] but there won't be ANY new features!
[14:24:30] [Server thread/INFO]: [AngelChest] If you like AngelChest, you will LOVE AngelChestPlus, so
[14:24:30] [Server thread/INFO]: [AngelChest] please consider upgrading! Thank you for using AngelChest.
[14:24:30] [Server thread/INFO]: [AngelChest] 
[14:24:30] [Server thread/INFO]: [AngelChest] https://www.spigotmc.org/resources/88214
[14:24:30] [Server thread/INFO]: [AngelChest] ========================================================
[14:25:22] [Thread-8/INFO]: [gg.playit.minecraft.PlayitManager] got new client: NewClient{connectAddr=209.25.140.181:62828, peerAddr=144.172.70.183:50574, claimAddress=[2602:fbaf:082c:0000:0000:0000:0000:0002]:43783, claimToken=[44, 0, 60, -47, 25, -116, -75, -11, 108, -112, -84, 70, -73, -59, -114, 125, 8, -112, 83, -85, 7, 101, -6, -92, 110, 0, 0, 0, 0, 0, 7, 63, 27, 0, 0, 0, 0, 0, 47, 40, 29, 63, 83, -85, 7, 0, 0, 0, 0, 5, 0, 0, 0, 0, 0, 0, 0, 1, 0, 1, 60, 26, -38, 67, 31, 4, 15, 46, -109, -16, 55, 29, -118, 27, 56, -73], tunnelServerId=1, dataCenterId=5}
[14:25:22] [Thread-8/INFO]: [gg.playit.minecraft.PlayitManager] starting tcp tunnel for client
[14:25:22] [Thread-8/INFO]: [gg.playit.minecraft.PlayitTcpTunnel] start connection to /[2602:fbaf:82c:0:0:0:0:2]:43783 to claim client
[14:25:22] [Thread-8/INFO]: [gg.playit.minecraft.PlayitManager] got new client: NewClient{connectAddr=209.25.140.181:62828, peerAddr=144.172.70.183:50558, claimAddress=[2602:fbaf:082c:0000:0000:0000:0000:0002]:43783, claimToken=[44, 0, 60, -47, 25, -116, -75, -11, 108, -112, -84, 70, -73, -59, 126, 58, 111, 21, 12, -85, 7, 101, -6, -92, 110, 0, 0, 0, 0, 0, 7, 63, 27, 0, 0, 0, 0, 0, 47, 40, 29, 77, 12, -85, 7, 0, 0, 0, 0, 5, 0, 0, 0, 0, 0, 0, 0, 1, 0, 1, 100, -58, 53, 118, 77, 56, -78, 94, -58, 82, 59, 7, 85, -34, 43, -92], tunnelServerId=1, dataCenterId=5}
[14:25:22] [Thread-8/INFO]: [gg.playit.minecraft.PlayitManager] starting tcp tunnel for client
[14:25:22] [Thread-8/INFO]: [gg.playit.minecraft.PlayitTcpTunnel] start connection to /[2602:fbaf:82c:0:0:0:0:2]:43783 to claim client
[14:25:22] [nioEventLoopGroup-2-2/INFO]: [gg.playit.minecraft.PlayitTcpTunnel] connected to tunnel server, sending claim token
[14:25:22] [nioEventLoopGroup-2-2/INFO]: [gg.playit.minecraft.PlayitTcpTunnel] claim token sent
[14:25:22] [nioEventLoopGroup-2-1/INFO]: [gg.playit.minecraft.PlayitTcpTunnel] connected to tunnel server, sending claim token
[14:25:22] [nioEventLoopGroup-2-1/INFO]: [gg.playit.minecraft.PlayitTcpTunnel] claim token sent
[14:25:22] [nioEventLoopGroup-2-2/INFO]: [gg.playit.minecraft.PlayitTcpTunnel] connection to tunnel server has been established
[14:25:22] [nioEventLoopGroup-2-2/INFO]: [gg.playit.minecraft.PlayitTcpTunnel] Reflect: ReflectionHelper{ServerConnection=class net.minecraft.server.network.ServerConnection, LegacyPingHandler=class net.minecraft.server.network.LegacyPingHandler, MinecraftServer=class net.minecraft.server.MinecraftServer, PacketSplitter=class net.minecraft.network.PacketSplitter, PacketDecoder=class net.minecraft.network.PacketDecoder, EnumProtocolDirection=class net.minecraft.network.protocol.EnumProtocolDirection, PacketPrepender=class net.minecraft.network.PacketPrepender, PacketEncoder=class net.minecraft.network.PacketEncoder, NetworkManagerServer=class net.minecraft.network.NetworkManagerServer, NetworkManager=class net.minecraft.network.NetworkManager, HandshakeListener=class net.minecraft.server.network.HandshakeListener, PacketListener=interface net.minecraft.network.PacketListener, CraftServer=null}
[14:25:22] [nioEventLoopGroup-2-2/INFO]: [gg.playit.minecraft.PlayitTcpTunnel] failed to get Minecraft server from Bukkit.getServer()
[14:25:22] [nioEventLoopGroup-2-2/INFO]: [gg.playit.minecraft.PlayitTcpTunnel] connecting to minecraft server at localhost/127.0.0.1:25565
[14:25:22] [nioEventLoopGroup-2-3/INFO]: [gg.playit.minecraft.PlayitTcpTunnel] connected to local minecraft server
[14:25:56] [nioEventLoopGroup-2-1/WARN]: [io.netty.channel.DefaultChannelPipeline] An exceptionCaught() event was fired, and it reached at the tail of the pipeline. It usually means the last handler in the pipeline did not handle the exception.
java.net.SocketException: Connection reset
	at sun.nio.ch.SocketChannelImpl.throwConnectionReset(SocketChannelImpl.java:401) ~[?:?]
	at sun.nio.ch.SocketChannelImpl.read(SocketChannelImpl.java:434) ~[?:?]
	at io.netty.buffer.PooledByteBuf.setBytes(PooledByteBuf.java:254) ~[netty-buffer-4.1.97.Final.jar:4.1.97.Final]
	at io.netty.buffer.AbstractByteBuf.writeBytes(AbstractByteBuf.java:1132) ~[netty-buffer-4.1.97.Final.jar:4.1.97.Final]
	at io.netty.channel.socket.nio.NioSocketChannel.doReadBytes(NioSocketChannel.java:357) ~[netty-transport-4.1.97.Final.jar:4.1.97.Final]
	at io.netty.channel.nio.AbstractNioByteChannel$NioByteUnsafe.read(AbstractNioByteChannel.java:151) ~[netty-transport-4.1.97.Final.jar:4.1.97.Final]
	at io.netty.channel.nio.NioEventLoop.processSelectedKey(NioEventLoop.java:788) ~[netty-transport-4.1.97.Final.jar:4.1.97.Final]
	at io.netty.channel.nio.NioEventLoop.processSelectedKeysOptimized(NioEventLoop.java:724) ~[netty-transport-4.1.97.Final.jar:4.1.97.Final]
	at io.netty.channel.nio.NioEventLoop.processSelectedKeys(NioEventLoop.java:650) ~[netty-transport-4.1.97.Final.jar:4.1.97.Final]
	at io.netty.channel.nio.NioEventLoop.run(NioEventLoop.java:562) ~[netty-transport-4.1.97.Final.jar:4.1.97.Final]
	at io.netty.util.concurrent.SingleThreadEventExecutor$4.run(SingleThreadEventExecutor.java:997) ~[netty-common-4.1.97.Final.jar:4.1.97.Final]
	at io.netty.util.internal.ThreadExecutorMap$2.run(ThreadExecutorMap.java:74) ~[netty-common-4.1.97.Final.jar:4.1.97.Final]
	at io.netty.util.concurrent.FastThreadLocalRunnable.run(FastThreadLocalRunnable.java:30) ~[netty-common-4.1.97.Final.jar:4.1.97.Final]
	at java.lang.Thread.run(Thread.java:1583) ~[?:?]
[14:26:33] [Thread-8/INFO]: [gg.playit.minecraft.PlayitManager] got new client: NewClient{connectAddr=209.25.140.181:62828, peerAddr=144.172.70.183:36844, claimAddress=[2602:fbaf:082c:0000:0000:0000:0000:0002]:43783, claimToken=[44, 0, 60, -47, 25, -116, -75, -11, 108, -112, -84, 70, -73, -113, -20, 56, 55, 106, -10, -85, 7, 101, -6, -92, -75, 0, 0, 0, 0, 0, 7, 63, 27, 0, 0, 0, 0, 0, 47, 40, 29, 117, -10, -85, 7, 0, 0, 0, 0, 5, 0, 0, 0, 0, 0, 0, 0, 1, 0, 1, -51, 103, -94, 2, 72, -69, 32, 104, -25, -18, -11, -119, 1, 8, -10, 69], tunnelServerId=1, dataCenterId=5}
[14:26:33] [Thread-8/INFO]: [gg.playit.minecraft.PlayitManager] starting tcp tunnel for client
[14:26:33] [Thread-8/INFO]: [gg.playit.minecraft.PlayitTcpTunnel] start connection to /[2602:fbaf:82c:0:0:0:0:2]:43783 to claim client
[14:26:33] [Thread-8/INFO]: [gg.playit.minecraft.PlayitManager] got new client: NewClient{connectAddr=209.25.140.181:62828, peerAddr=144.172.70.183:36858, claimAddress=[2602:fbaf:082c:0000:0000:0000:0000:0002]:43783, claimToken=[44, 0, 60, -47, 25, -116, -75, -11, 108, -112, -84, 70, -73, -113, -6, 107, -85, 54, 7, -85, 7, 101, -6, -92, -75, 0, 0, 0, 0, 0, 7, 63, 27, 0, 0, 0, 0, 0, 47, 40, 29, -75, 7, -85, 7, 0, 0, 0, 0, 5, 0, 0, 0, 0, 0, 0, 0, 1, 0, 1, 109, -23, 124, -56, 119, -20, -16, 23, 119, 125, 127, -102, -73, -50, 16, -40], tunnelServerId=1, dataCenterId=5}
[14:26:33] [Thread-8/INFO]: [gg.playit.minecraft.PlayitManager] starting tcp tunnel for client
[14:26:33] [Thread-8/INFO]: [gg.playit.minecraft.PlayitTcpTunnel] start connection to /[2602:fbaf:82c:0:0:0:0:2]:43783 to claim client
[14:26:33] [nioEventLoopGroup-2-4/INFO]: [gg.playit.minecraft.PlayitTcpTunnel] connected to tunnel server, sending claim token
[14:26:33] [nioEventLoopGroup-2-4/INFO]: [gg.playit.minecraft.PlayitTcpTunnel] claim token sent
[14:26:33] [nioEventLoopGroup-2-1/INFO]: [gg.playit.minecraft.PlayitTcpTunnel] connected to tunnel server, sending claim token
[14:26:33] [nioEventLoopGroup-2-1/INFO]: [gg.playit.minecraft.PlayitTcpTunnel] claim token sent
[14:26:33] [nioEventLoopGroup-2-1/INFO]: [gg.playit.minecraft.PlayitTcpTunnel] connection to tunnel server has been established
[14:26:33] [nioEventLoopGroup-2-1/INFO]: [gg.playit.minecraft.PlayitTcpTunnel] Reflect: ReflectionHelper{ServerConnection=class net.minecraft.server.network.ServerConnection, LegacyPingHandler=class net.minecraft.server.network.LegacyPingHandler, MinecraftServer=class net.minecraft.server.MinecraftServer, PacketSplitter=class net.minecraft.network.PacketSplitter, PacketDecoder=class net.minecraft.network.PacketDecoder, EnumProtocolDirection=class net.minecraft.network.protocol.EnumProtocolDirection, PacketPrepender=class net.minecraft.network.PacketPrepender, PacketEncoder=class net.minecraft.network.PacketEncoder, NetworkManagerServer=class net.minecraft.network.NetworkManagerServer, NetworkManager=class net.minecraft.network.NetworkManager, HandshakeListener=class net.minecraft.server.network.HandshakeListener, PacketListener=interface net.minecraft.network.PacketListener, CraftServer=null}
[14:26:33] [nioEventLoopGroup-2-1/INFO]: [gg.playit.minecraft.PlayitTcpTunnel] failed to get Minecraft server from Bukkit.getServer()
[14:26:33] [nioEventLoopGroup-2-1/INFO]: [gg.playit.minecraft.PlayitTcpTunnel] connecting to minecraft server at localhost/127.0.0.1:25565
[14:26:33] [nioEventLoopGroup-2-2/INFO]: [gg.playit.minecraft.PlayitTcpTunnel] connected to local minecraft server
[14:27:02] [nioEventLoopGroup-2-4/WARN]: [io.netty.channel.DefaultChannelPipeline] An exceptionCaught() event was fired, and it reached at the tail of the pipeline. It usually means the last handler in the pipeline did not handle the exception.
java.net.SocketException: Connection reset
	at sun.nio.ch.SocketChannelImpl.throwConnectionReset(SocketChannelImpl.java:401) ~[?:?]
	at sun.nio.ch.SocketChannelImpl.read(SocketChannelImpl.java:434) ~[?:?]
	at io.netty.buffer.PooledByteBuf.setBytes(PooledByteBuf.java:254) ~[netty-buffer-4.1.97.Final.jar:4.1.97.Final]
	at io.netty.buffer.AbstractByteBuf.writeBytes(AbstractByteBuf.java:1132) ~[netty-buffer-4.1.97.Final.jar:4.1.97.Final]
	at io.netty.channel.socket.nio.NioSocketChannel.doReadBytes(NioSocketChannel.java:357) ~[netty-transport-4.1.97.Final.jar:4.1.97.Final]
	at io.netty.channel.nio.AbstractNioByteChannel$NioByteUnsafe.read(AbstractNioByteChannel.java:151) ~[netty-transport-4.1.97.Final.jar:4.1.97.Final]
	at io.netty.channel.nio.NioEventLoop.processSelectedKey(NioEventLoop.java:788) ~[netty-transport-4.1.97.Final.jar:4.1.97.Final]
	at io.netty.channel.nio.NioEventLoop.processSelectedKeysOptimized(NioEventLoop.java:724) ~[netty-transport-4.1.97.Final.jar:4.1.97.Final]
	at io.netty.channel.nio.NioEventLoop.processSelectedKeys(NioEventLoop.java:650) ~[netty-transport-4.1.97.Final.jar:4.1.97.Final]
	at io.netty.channel.nio.NioEventLoop.run(NioEventLoop.java:562) ~[netty-transport-4.1.97.Final.jar:4.1.97.Final]
	at io.netty.util.concurrent.SingleThreadEventExecutor$4.run(SingleThreadEventExecutor.java:997) ~[netty-common-4.1.97.Final.jar:4.1.97.Final]
	at io.netty.util.internal.ThreadExecutorMap$2.run(ThreadExecutorMap.java:74) ~[netty-common-4.1.97.Final.jar:4.1.97.Final]
	at io.netty.util.concurrent.FastThreadLocalRunnable.run(FastThreadLocalRunnable.java:30) ~[netty-common-4.1.97.Final.jar:4.1.97.Final]
	at java.lang.Thread.run(Thread.java:1583) ~[?:?]
[14:28:18] [Thread-8/INFO]: [gg.playit.control.ChannelSetup] send keep alive
[14:32:09] [Thread-8/INFO]: [gg.playit.control.ChannelSetup] send keep alive
[14:36:00] [Thread-8/INFO]: [gg.playit.control.ChannelSetup] send keep alive
[14:39:51] [Thread-8/INFO]: [gg.playit.control.ChannelSetup] send keep alive
[14:41:10] [Thread-8/INFO]: [gg.playit.minecraft.PlayitManager] got new client: NewClient{connectAddr=209.25.143.181:62828, peerAddr=49.156.111.81:32119, claimAddress=[2602:fbaf:082c:0000:0000:0000:0000:0002]:43784, claimToken=[44, 0, 60, -47, 25, -113, -75, -11, 108, 49, -100, 111, 81, 125, 119, -33, 71, 105, -37, -85, 8, 101, -6, -88, 34, 0, 0, 0, 0, 0, 7, 63, 27, 0, 0, 0, 0, 0, 47, 40, 29, 17, -37, -85, 8, 0, 0, 0, 0, 33, 0, 0, 0, 0, 0, 0, 0, 1, 0, 1, 11, 16, -8, -10, -34, -59, 54, -17, 109, 121, 91, -54, 102, 100, 22, -35], tunnelServerId=1, dataCenterId=33}
[14:41:10] [Thread-8/INFO]: [gg.playit.minecraft.PlayitManager] starting tcp tunnel for client
[14:41:10] [Thread-8/INFO]: [gg.playit.minecraft.PlayitTcpTunnel] start connection to /[2602:fbaf:82c:0:0:0:0:2]:43784 to claim client
[14:41:10] [Thread-8/INFO]: [gg.playit.minecraft.PlayitManager] got new client: NewClient{connectAddr=209.25.143.181:62828, peerAddr=49.156.111.81:32120, claimAddress=[2602:fbaf:082c:0000:0000:0000:0000:0002]:43784, claimToken=[44, 0, 60, -47, 25, -113, -75, -11, 108, 49, -100, 111, 81, 125, 120, -32, 91, -107, 70, -85, 8, 101, -6, -88, 34, 0, 0, 0, 0, 0, 7, 63, 27, 0, 0, 0, 0, 0, 47, 40, 29, -16, 70, -85, 8, 0, 0, 0, 0, 33, 0, 0, 0, 0, 0, 0, 0, 1, 0, 1, -62, 100, -125, -80, -22, 101, -40, -89, -72, 93, 45, -13, 98, 36, -75, -37], tunnelServerId=1, dataCenterId=33}
[14:41:10] [Thread-8/INFO]: [gg.playit.minecraft.PlayitManager] starting tcp tunnel for client
[14:41:10] [Thread-8/INFO]: [gg.playit.minecraft.PlayitTcpTunnel] start connection to /[2602:fbaf:82c:0:0:0:0:2]:43784 to claim client
[14:41:10] [nioEventLoopGroup-2-4/INFO]: [gg.playit.minecraft.PlayitTcpTunnel] connected to tunnel server, sending claim token
[14:41:10] [nioEventLoopGroup-2-4/INFO]: [gg.playit.minecraft.PlayitTcpTunnel] claim token sent
[14:41:10] [nioEventLoopGroup-2-3/INFO]: [gg.playit.minecraft.PlayitTcpTunnel] connected to tunnel server, sending claim token
[14:41:10] [nioEventLoopGroup-2-3/INFO]: [gg.playit.minecraft.PlayitTcpTunnel] claim token sent
[14:41:10] [nioEventLoopGroup-2-3/INFO]: [gg.playit.minecraft.PlayitTcpTunnel] connection to tunnel server has been established
[14:41:10] [nioEventLoopGroup-2-3/INFO]: [gg.playit.minecraft.PlayitTcpTunnel] Reflect: ReflectionHelper{ServerConnection=class net.minecraft.server.network.ServerConnection, LegacyPingHandler=class net.minecraft.server.network.LegacyPingHandler, MinecraftServer=class net.minecraft.server.MinecraftServer, PacketSplitter=class net.minecraft.network.PacketSplitter, PacketDecoder=class net.minecraft.network.PacketDecoder, EnumProtocolDirection=class net.minecraft.network.protocol.EnumProtocolDirection, PacketPrepender=class net.minecraft.network.PacketPrepender, PacketEncoder=class net.minecraft.network.PacketEncoder, NetworkManagerServer=class net.minecraft.network.NetworkManagerServer, NetworkManager=class net.minecraft.network.NetworkManager, HandshakeListener=class net.minecraft.server.network.HandshakeListener, PacketListener=interface net.minecraft.network.PacketListener, CraftServer=null}
[14:41:10] [nioEventLoopGroup-2-3/INFO]: [gg.playit.minecraft.PlayitTcpTunnel] failed to get Minecraft server from Bukkit.getServer()
[14:41:10] [nioEventLoopGroup-2-3/INFO]: [gg.playit.minecraft.PlayitTcpTunnel] connecting to minecraft server at localhost/127.0.0.1:25565
[14:41:10] [nioEventLoopGroup-2-1/INFO]: [gg.playit.minecraft.PlayitTcpTunnel] connected to local minecraft server
[14:41:12] [Thread-8/INFO]: [gg.playit.minecraft.PlayitManager] got new client: NewClient{connectAddr=209.25.143.181:62828, peerAddr=49.156.111.81:32128, claimAddress=[2602:fbaf:082c:0000:0000:0000:0000:0002]:43784, claimToken=[44, 0, 60, -47, 25, -113, -75, -11, 108, 49, -100, 111, 81, 125, -128, 5, -128, 64, -87, -85, 8, 101, -6, -88, 37, 0, 0, 0, 0, 0, 7, 63, 27, 0, 0, 0, 0, 0, 47, 40, 29, 55, -87, -85, 8, 0, 0, 0, 0, 33, 0, 0, 0, 0, 0, 0, 0, 1, 0, 1, 14, 50, 77, -122, -34, 62, 55, 117, 64, -122, 100, -98, -64, 55, 124, -59], tunnelServerId=1, dataCenterId=33}
[14:41:12] [Thread-8/INFO]: [gg.playit.minecraft.PlayitManager] starting tcp tunnel for client
[14:41:12] [Thread-8/INFO]: [gg.playit.minecraft.PlayitTcpTunnel] start connection to /[2602:fbaf:82c:0:0:0:0:2]:43784 to claim client
[14:41:13] [nioEventLoopGroup-2-2/INFO]: [gg.playit.minecraft.PlayitTcpTunnel] connected to tunnel server, sending claim token
[14:41:13] [nioEventLoopGroup-2-2/INFO]: [gg.playit.minecraft.PlayitTcpTunnel] claim token sent
[14:41:13] [nioEventLoopGroup-2-2/INFO]: [gg.playit.minecraft.PlayitTcpTunnel] connection to tunnel server has been established
[14:41:13] [nioEventLoopGroup-2-2/INFO]: [gg.playit.minecraft.PlayitTcpTunnel] Reflect: ReflectionHelper{ServerConnection=class net.minecraft.server.network.ServerConnection, LegacyPingHandler=class net.minecraft.server.network.LegacyPingHandler, MinecraftServer=class net.minecraft.server.MinecraftServer, PacketSplitter=class net.minecraft.network.PacketSplitter, PacketDecoder=class net.minecraft.network.PacketDecoder, EnumProtocolDirection=class net.minecraft.network.protocol.EnumProtocolDirection, PacketPrepender=class net.minecraft.network.PacketPrepender, PacketEncoder=class net.minecraft.network.PacketEncoder, NetworkManagerServer=class net.minecraft.network.NetworkManagerServer, NetworkManager=class net.minecraft.network.NetworkManager, HandshakeListener=class net.minecraft.server.network.HandshakeListener, PacketListener=interface net.minecraft.network.PacketListener, CraftServer=null}
[14:41:13] [nioEventLoopGroup-2-2/INFO]: [gg.playit.minecraft.PlayitTcpTunnel] failed to get Minecraft server from Bukkit.getServer()
[14:41:13] [nioEventLoopGroup-2-2/INFO]: [gg.playit.minecraft.PlayitTcpTunnel] connecting to minecraft server at localhost/127.0.0.1:25565
[14:41:13] [nioEventLoopGroup-2-3/INFO]: [gg.playit.minecraft.PlayitTcpTunnel] connected to local minecraft server
[14:41:14] [User Authenticator #0/INFO]: UUID of player RageMultani is 942b27ac-53a8-358f-8a2b-e51d9bd48cfb
[14:41:15] [Server thread/INFO]: RageMultani joined the game
[14:41:15] [Server thread/INFO]: RageMultani[/127.0.0.1:58842] logged in with entity id 107 at ([world]-5466.828277370432, 66.0, -5257.742052929002)
[14:41:41] [nioEventLoopGroup-2-4/WARN]: [io.netty.channel.DefaultChannelPipeline] An exceptionCaught() event was fired, and it reached at the tail of the pipeline. It usually means the last handler in the pipeline did not handle the exception.
java.net.SocketException: Connection reset
	at sun.nio.ch.SocketChannelImpl.throwConnectionReset(SocketChannelImpl.java:401) ~[?:?]
	at sun.nio.ch.SocketChannelImpl.read(SocketChannelImpl.java:434) ~[?:?]
	at io.netty.buffer.PooledByteBuf.setBytes(PooledByteBuf.java:254) ~[netty-buffer-4.1.97.Final.jar:4.1.97.Final]
	at io.netty.buffer.AbstractByteBuf.writeBytes(AbstractByteBuf.java:1132) ~[netty-buffer-4.1.97.Final.jar:4.1.97.Final]
	at io.netty.channel.socket.nio.NioSocketChannel.doReadBytes(NioSocketChannel.java:357) ~[netty-transport-4.1.97.Final.jar:4.1.97.Final]
	at io.netty.channel.nio.AbstractNioByteChannel$NioByteUnsafe.read(AbstractNioByteChannel.java:151) ~[netty-transport-4.1.97.Final.jar:4.1.97.Final]
	at io.netty.channel.nio.NioEventLoop.processSelectedKey(NioEventLoop.java:788) ~[netty-transport-4.1.97.Final.jar:4.1.97.Final]
	at io.netty.channel.nio.NioEventLoop.processSelectedKeysOptimized(NioEventLoop.java:724) ~[netty-transport-4.1.97.Final.jar:4.1.97.Final]
	at io.netty.channel.nio.NioEventLoop.processSelectedKeys(NioEventLoop.java:650) ~[netty-transport-4.1.97.Final.jar:4.1.97.Final]
	at io.netty.channel.nio.NioEventLoop.run(NioEventLoop.java:562) ~[netty-transport-4.1.97.Final.jar:4.1.97.Final]
	at io.netty.util.concurrent.SingleThreadEventExecutor$4.run(SingleThreadEventExecutor.java:997) ~[netty-common-4.1.97.Final.jar:4.1.97.Final]
	at io.netty.util.internal.ThreadExecutorMap$2.run(ThreadExecutorMap.java:74) ~[netty-common-4.1.97.Final.jar:4.1.97.Final]
	at io.netty.util.concurrent.FastThreadLocalRunnable.run(FastThreadLocalRunnable.java:30) ~[netty-common-4.1.97.Final.jar:4.1.97.Final]
	at java.lang.Thread.run(Thread.java:1583) ~[?:?]
[14:43:13] [Server thread/INFO]: [Not Secure] [Server] manjot
[14:43:40] [Thread-8/INFO]: [gg.playit.control.ChannelSetup] send keep alive
[14:44:46] [Server thread/INFO]: RageMultani issued server command: /sethome farm
[14:46:02] [Server thread/INFO]: RageMultani tried to swim in lava
[14:46:28] [Server thread/INFO]: RageMultani was shot by Skeleton
[14:47:32] [Thread-8/INFO]: [gg.playit.control.ChannelSetup] send keep alive
[14:50:11] [Server thread/INFO]: RageMultani has made the advancement [The Parrots and the Bats]
[14:51:02] [Server thread/INFO]: RageMultani issued server command: /tpa farm
[14:51:11] [Server thread/INFO]: RageMultani issued server command: /home farm
[14:51:23] [Thread-8/INFO]: [gg.playit.control.ChannelSetup] send keep alive
[14:52:02] [Server thread/INFO]: RageMultani issued server command: /sethome ghar
[14:53:25] [Server thread/INFO]: RageMultani issued server command: /home farm
[14:55:14] [Thread-8/INFO]: [gg.playit.control.ChannelSetup] send keep alive
[14:56:53] [Server thread/INFO]: RageMultani issued server command: /home ghar
[14:57:34] [Server thread/INFO]: RageMultani issued server command: /back
[14:58:09] [Server thread/INFO]: RageMultani tried to swim in lava
[14:58:17] [Server thread/INFO]: RageMultani issued server command: /back
[14:58:44] [Server thread/INFO]: RageMultani tried to swim in lava
[14:59:01] [Server thread/INFO]: RageMultani issued server command: /back
[14:59:05] [Thread-8/INFO]: [gg.playit.control.ChannelSetup] send keep alive
[15:00:49] [Server thread/INFO]: RageMultani issued server command: /home ghar
[15:02:55] [Server thread/INFO]: RageMultani issued server command: /back
[15:02:57] [Thread-8/INFO]: [gg.playit.control.ChannelSetup] send keep alive
[15:06:48] [Thread-8/INFO]: [gg.playit.control.ChannelSetup] send keep alive
[15:07:26] [Server thread/INFO]: RageMultani was blown up by Creeper
[15:08:35] [Server thread/INFO]: [Not Secure] [Server] hahahaah chutiya
[15:10:39] [Thread-8/INFO]: [gg.playit.control.ChannelSetup] send keep alive
[15:14:30] [Thread-8/INFO]: [gg.playit.control.ChannelSetup] send keep alive
[15:18:21] [Thread-8/INFO]: [gg.playit.control.ChannelSetup] send keep alive
[15:19:25] [Server thread/INFO]: RageMultani issued server command: /home ghar
[15:19:59] [Server thread/INFO]: RageMultani issued server command: /home farm
[15:22:13] [Thread-8/INFO]: [gg.playit.control.ChannelSetup] send keep alive
[15:25:00] [Thread-8/INFO]: [gg.playit.minecraft.PlayitManager] got new client: NewClient{connectAddr=209.25.143.181:62828, peerAddr=223.233.77.123:16568, claimAddress=[2602:fbaf:082c:0000:0000:0000:0000:0002]:43784, claimToken=[44, 0, 60, -47, 25, -113, -75, -11, 108, -33, -23, 77, 123, 64, -72, -41, 92, -77, -13, -85, 8, 101, -6, -78, 105, 0, 0, 0, 0, 0, 7, 63, 27, 0, 0, 0, 0, 0, 47, 40, 29, -22, -13, -85, 8, 0, 0, 0, 0, 33, 0, 0, 0, 0, 0, 0, 0, 1, 0, 1, -95, 81, 81, 27, 2, 127, -36, -83, 12, 16, 15, 115, 18, -68, 95, -34], tunnelServerId=1, dataCenterId=33}
[15:25:00] [Thread-8/INFO]: [gg.playit.minecraft.PlayitManager] starting tcp tunnel for client
[15:25:00] [Thread-8/INFO]: [gg.playit.minecraft.PlayitTcpTunnel] start connection to /[2602:fbaf:82c:0:0:0:0:2]:43784 to claim client
[15:25:01] [nioEventLoopGroup-2-4/INFO]: [gg.playit.minecraft.PlayitTcpTunnel] connected to tunnel server, sending claim token
[15:25:01] [nioEventLoopGroup-2-4/INFO]: [gg.playit.minecraft.PlayitTcpTunnel] claim token sent
[15:25:12] [Thread-8/INFO]: [gg.playit.minecraft.PlayitManager] got new client: NewClient{connectAddr=209.25.143.181:62828, peerAddr=223.233.77.123:2005, claimAddress=[2602:fbaf:082c:0000:0000:0000:0000:0002]:43784, claimToken=[44, 0, 60, -47, 25, -113, -75, -11, 108, -33, -23, 77, 123, 7, -43, -23, 41, 68, 25, -85, 8, 101, -6, -78, 117, 0, 0, 0, 0, 0, 7, 63, 27, 0, 0, 0, 0, 0, 47, 40, 29, -69, 25, -85, 8, 0, 0, 0, 0, 33, 0, 0, 0, 0, 0, 0, 0, 1, 0, 1, -98, 63, 12, -80, -84, -76, -106, 52, 16, -98, -108, 73, -58, 88, 115, -114], tunnelServerId=1, dataCenterId=33}
[15:25:12] [Thread-8/INFO]: [gg.playit.minecraft.PlayitManager] starting tcp tunnel for client
[15:25:12] [Thread-8/INFO]: [gg.playit.minecraft.PlayitTcpTunnel] start connection to /[2602:fbaf:82c:0:0:0:0:2]:43784 to claim client
[15:25:12] [nioEventLoopGroup-2-1/INFO]: [gg.playit.minecraft.PlayitTcpTunnel] connected to tunnel server, sending claim token
[15:25:12] [nioEventLoopGroup-2-1/INFO]: [gg.playit.minecraft.PlayitTcpTunnel] claim token sent
[15:25:13] [nioEventLoopGroup-2-1/INFO]: [gg.playit.minecraft.PlayitTcpTunnel] connection to tunnel server has been established
[15:25:13] [nioEventLoopGroup-2-1/INFO]: [gg.playit.minecraft.PlayitTcpTunnel] Reflect: ReflectionHelper{ServerConnection=class net.minecraft.server.network.ServerConnection, LegacyPingHandler=class net.minecraft.server.network.LegacyPingHandler, MinecraftServer=class net.minecraft.server.MinecraftServer, PacketSplitter=class net.minecraft.network.PacketSplitter, PacketDecoder=class net.minecraft.network.PacketDecoder, EnumProtocolDirection=class net.minecraft.network.protocol.EnumProtocolDirection, PacketPrepender=class net.minecraft.network.PacketPrepender, PacketEncoder=class net.minecraft.network.PacketEncoder, NetworkManagerServer=class net.minecraft.network.NetworkManagerServer, NetworkManager=class net.minecraft.network.NetworkManager, HandshakeListener=class net.minecraft.server.network.HandshakeListener, PacketListener=interface net.minecraft.network.PacketListener, CraftServer=null}
[15:25:13] [nioEventLoopGroup-2-1/INFO]: [gg.playit.minecraft.PlayitTcpTunnel] failed to get Minecraft server from Bukkit.getServer()
[15:25:13] [nioEventLoopGroup-2-1/INFO]: [gg.playit.minecraft.PlayitTcpTunnel] connecting to minecraft server at localhost/127.0.0.1:25565
[15:25:13] [nioEventLoopGroup-2-2/INFO]: [gg.playit.minecraft.PlayitTcpTunnel] connected to local minecraft server
[15:25:15] [Thread-8/INFO]: [gg.playit.minecraft.PlayitManager] got new client: NewClient{connectAddr=209.25.143.181:62828, peerAddr=223.233.77.123:13186, claimAddress=[2602:fbaf:082c:0000:0000:0000:0000:0002]:43784, claimToken=[44, 0, 60, -47, 25, -113, -75, -11, 108, -33, -23, 77, 123, 51, -126, -74, -74, -111, 22, -85, 8, 101, -6, -78, 120, 0, 0, 0, 0, 0, 7, 63, 27, 0, 0, 0, 0, 0, 47, 40, 29, 20, 22, -85, 8, 0, 0, 0, 0, 33, 0, 0, 0, 0, 0, 0, 0, 1, 0, 1, 118, -87, -6, -116, -73, -61, 13, -77, 112, -45, -87, -121, 13, -45, -70, -3], tunnelServerId=1, dataCenterId=33}
[15:25:15] [Thread-8/INFO]: [gg.playit.minecraft.PlayitManager] starting tcp tunnel for client
[15:25:15] [Thread-8/INFO]: [gg.playit.minecraft.PlayitTcpTunnel] start connection to /[2602:fbaf:82c:0:0:0:0:2]:43784 to claim client
[15:25:15] [nioEventLoopGroup-2-3/INFO]: [gg.playit.minecraft.PlayitTcpTunnel] connected to tunnel server, sending claim token
[15:25:15] [nioEventLoopGroup-2-3/INFO]: [gg.playit.minecraft.PlayitTcpTunnel] claim token sent
[15:25:16] [nioEventLoopGroup-2-3/INFO]: [gg.playit.minecraft.PlayitTcpTunnel] connection to tunnel server has been established
[15:25:16] [nioEventLoopGroup-2-3/INFO]: [gg.playit.minecraft.PlayitTcpTunnel] Reflect: ReflectionHelper{ServerConnection=class net.minecraft.server.network.ServerConnection, LegacyPingHandler=class net.minecraft.server.network.LegacyPingHandler, MinecraftServer=class net.minecraft.server.MinecraftServer, PacketSplitter=class net.minecraft.network.PacketSplitter, PacketDecoder=class net.minecraft.network.PacketDecoder, EnumProtocolDirection=class net.minecraft.network.protocol.EnumProtocolDirection, PacketPrepender=class net.minecraft.network.PacketPrepender, PacketEncoder=class net.minecraft.network.PacketEncoder, NetworkManagerServer=class net.minecraft.network.NetworkManagerServer, NetworkManager=class net.minecraft.network.NetworkManager, HandshakeListener=class net.minecraft.server.network.HandshakeListener, PacketListener=interface net.minecraft.network.PacketListener, CraftServer=null}
[15:25:16] [nioEventLoopGroup-2-3/INFO]: [gg.playit.minecraft.PlayitTcpTunnel] failed to get Minecraft server from Bukkit.getServer()
[15:25:16] [nioEventLoopGroup-2-3/INFO]: [gg.playit.minecraft.PlayitTcpTunnel] connecting to minecraft server at localhost/127.0.0.1:25565
[15:25:16] [nioEventLoopGroup-2-4/INFO]: [gg.playit.minecraft.PlayitTcpTunnel] connected to local minecraft server
[15:25:16] [User Authenticator #1/INFO]: UUID of player BRONX09 is d7e7f84e-2519-3bd8-bd3f-b083586c70fe
[15:25:17] [Server thread/INFO]: BRONX09 joined the game
[15:25:17] [Server thread/INFO]: BRONX09[/127.0.0.1:59721] logged in with entity id 7549 at ([world]-5467.640926584927, 72.5, -5253.148145671926)
[15:25:31] [nioEventLoopGroup-2-4/WARN]: [io.netty.channel.DefaultChannelPipeline] An exceptionCaught() event was fired, and it reached at the tail of the pipeline. It usually means the last handler in the pipeline did not handle the exception.
java.net.SocketException: Connection reset
	at sun.nio.ch.SocketChannelImpl.throwConnectionReset(SocketChannelImpl.java:401) ~[?:?]
	at sun.nio.ch.SocketChannelImpl.read(SocketChannelImpl.java:434) ~[?:?]
	at io.netty.buffer.PooledByteBuf.setBytes(PooledByteBuf.java:254) ~[netty-buffer-4.1.97.Final.jar:4.1.97.Final]
	at io.netty.buffer.AbstractByteBuf.writeBytes(AbstractByteBuf.java:1132) ~[netty-buffer-4.1.97.Final.jar:4.1.97.Final]
	at io.netty.channel.socket.nio.NioSocketChannel.doReadBytes(NioSocketChannel.java:357) ~[netty-transport-4.1.97.Final.jar:4.1.97.Final]
	at io.netty.channel.nio.AbstractNioByteChannel$NioByteUnsafe.read(AbstractNioByteChannel.java:151) ~[netty-transport-4.1.97.Final.jar:4.1.97.Final]
	at io.netty.channel.nio.NioEventLoop.processSelectedKey(NioEventLoop.java:788) ~[netty-transport-4.1.97.Final.jar:4.1.97.Final]
	at io.netty.channel.nio.NioEventLoop.processSelectedKeysOptimized(NioEventLoop.java:724) ~[netty-transport-4.1.97.Final.jar:4.1.97.Final]
	at io.netty.channel.nio.NioEventLoop.processSelectedKeys(NioEventLoop.java:650) ~[netty-transport-4.1.97.Final.jar:4.1.97.Final]
	at io.netty.channel.nio.NioEventLoop.run(NioEventLoop.java:562) ~[netty-transport-4.1.97.Final.jar:4.1.97.Final]
	at io.netty.util.concurrent.SingleThreadEventExecutor$4.run(SingleThreadEventExecutor.java:997) ~[netty-common-4.1.97.Final.jar:4.1.97.Final]
	at io.netty.util.internal.ThreadExecutorMap$2.run(ThreadExecutorMap.java:74) ~[netty-common-4.1.97.Final.jar:4.1.97.Final]
	at io.netty.util.concurrent.FastThreadLocalRunnable.run(FastThreadLocalRunnable.java:30) ~[netty-common-4.1.97.Final.jar:4.1.97.Final]
	at java.lang.Thread.run(Thread.java:1583) ~[?:?]
[15:25:50] [Async Chat Thread - #3/INFO]: [Not Secure] <BRONX09> facew the beds
[15:25:56] [Async Chat Thread - #2/INFO]: [Not Secure] <BRONX09> inwards
[15:26:02] [Thread-8/INFO]: [gg.playit.control.ChannelSetup] send keep alive
[15:26:41] [Async Chat Thread - #3/INFO]: [Not Secure] <RageMultani> discord?
[15:27:12] [Async Chat Thread - #2/INFO]: [Not Secure] <BRONX09> aaya
[15:29:34] [Server thread/INFO]: [Not Secure] [Server] manjot hai ek tarah ka
[15:29:42] [Server thread/INFO]: [Not Secure] [Server] payal payal payal
[15:29:53] [Thread-8/INFO]: [gg.playit.control.ChannelSetup] send keep alive
[15:30:28] [User Authenticator #2/INFO]: UUID of player chiyari is a82cb3f6-f06d-3cbf-badf-c61a6a0a80cf
[15:30:28] [Server thread/INFO]: chiyari joined the game
[15:30:28] [Server thread/INFO]: chiyari[/127.0.0.1:59876] logged in with entity id 8065 at ([world]-5460.10690935463, 63.0, -5264.785287508737)
[15:30:43] [Server thread/INFO]: chiyari issued server command: /tp BRONX09
[15:30:43] [Server thread/INFO]: [chiyari: Teleported chiyari to BRONX09]
[15:30:43] [Server thread/WARN]: chiyari moved too quickly! -59.038772290537054,9.0,-18.95143259809629
[15:30:54] [Server thread/INFO]: chiyari issued server command: /gamemode spectator
[15:30:54] [Server thread/INFO]: [chiyari: Set own game mode to Spectator Mode]
[15:33:04] [Server thread/INFO]: chiyari issued server command: /weather thunder 1d
[15:33:04] [Server thread/INFO]: [chiyari: Set the weather to rain & thunder]
[15:33:36] [Server thread/INFO]: chiyari issued server command: /summon minecraft:lightning_bolt
[15:33:36] [Server thread/INFO]: [chiyari: Summoned new Lightning Bolt]
[15:33:44] [Thread-8/INFO]: [gg.playit.control.ChannelSetup] send keep alive
[15:37:35] [Thread-8/INFO]: [gg.playit.control.ChannelSetup] send keep alive
[15:39:32] [Server thread/INFO]: RageMultani was doomed to fall by Skeleton
[15:41:26] [Server thread/INFO]: chiyari issued server command: /tp BRONX09
[15:41:26] [Server thread/INFO]: [chiyari: Teleported chiyari to BRONX09]
[15:41:26] [Server thread/WARN]: chiyari moved too quickly! -257.86773739986256,-20.633833348606032,357.58346342979894
[15:41:26] [Thread-8/INFO]: [gg.playit.control.ChannelSetup] send keep alive
[15:41:44] [Server thread/INFO]: RageMultani was shot by Skeleton
[15:45:14] [Server thread/INFO]: RageMultani issued server command: /home ghar
[15:45:18] [Thread-8/INFO]: [gg.playit.control.ChannelSetup] send keep alive
[15:45:35] [nioEventLoopGroup-2-2/WARN]: [gg.playit.minecraft.PlayitTcpTunnel] failed to send data to tunnel
[15:45:35] [Server thread/INFO]: RageMultani lost connection: Disconnected
[15:45:35] [Server thread/INFO]: RageMultani left the game
[15:45:35] [Thread-8/INFO]: [gg.playit.minecraft.PlayitManager] got new client: NewClient{connectAddr=209.25.143.181:62828, peerAddr=49.156.111.81:30909, claimAddress=[2602:fbaf:082c:0000:0000:0000:0000:0002]:43784, claimToken=[44, 0, 60, -47, 25, -113, -75, -11, 108, 49, -100, 111, 81, 120, -67, -30, -111, 90, 95, -85, 8, 101, -6, -73, 60, 0, 0, 0, 0, 0, 7, 63, 27, 0, 0, 0, 0, 0, 47, 40, 29, 14, 95, -85, 8, 0, 0, 0, 0, 33, 0, 0, 0, 0, 0, 0, 0, 1, 0, 1, -120, 29, -21, 117, -112, -51, 57, -44, -7, -8, -110, 87, 84, -29, -19, -63], tunnelServerId=1, dataCenterId=33}
[15:45:35] [Thread-8/INFO]: [gg.playit.minecraft.PlayitManager] starting tcp tunnel for client
[15:45:35] [Thread-8/INFO]: [gg.playit.minecraft.PlayitTcpTunnel] start connection to /[2602:fbaf:82c:0:0:0:0:2]:43784 to claim client
[15:45:35] [Thread-8/INFO]: [gg.playit.minecraft.PlayitManager] got new client: NewClient{connectAddr=209.25.143.181:62828, peerAddr=49.156.111.81:30910, claimAddress=[2602:fbaf:082c:0000:0000:0000:0000:0002]:43784, claimToken=[44, 0, 60, -47, 25, -113, -75, -11, 108, 49, -100, 111, 81, 120, -66, -83, -94, 46, -22, -85, 8, 101, -6, -73, 60, 0, 0, 0, 0, 0, 7, 63, 27, 0, 0, 0, 0, 0, 47, 40, 29, -117, -22, -85, 8, 0, 0, 0, 0, 33, 0, 0, 0, 0, 0, 0, 0, 1, 0, 1, 47, 8, -80, -94, 17, -91, 118, -17, -8, -41, -30, -115, 99, -117, -33, -70], tunnelServerId=1, dataCenterId=33}
[15:45:35] [Thread-8/INFO]: [gg.playit.minecraft.PlayitManager] starting tcp tunnel for client
[15:45:35] [Thread-8/INFO]: [gg.playit.minecraft.PlayitTcpTunnel] start connection to /[2602:fbaf:82c:0:0:0:0:2]:43784 to claim client
[15:45:35] [nioEventLoopGroup-2-2/INFO]: [gg.playit.minecraft.PlayitTcpTunnel] connected to tunnel server, sending claim token
[15:45:35] [nioEventLoopGroup-2-2/INFO]: [gg.playit.minecraft.PlayitTcpTunnel] claim token sent
[15:45:35] [nioEventLoopGroup-2-1/INFO]: [gg.playit.minecraft.PlayitTcpTunnel] connected to tunnel server, sending claim token
[15:45:35] [nioEventLoopGroup-2-1/INFO]: [gg.playit.minecraft.PlayitTcpTunnel] claim token sent
[15:45:35] [nioEventLoopGroup-2-2/INFO]: [gg.playit.minecraft.PlayitTcpTunnel] connection to tunnel server has been established
[15:45:35] [nioEventLoopGroup-2-2/INFO]: [gg.playit.minecraft.PlayitTcpTunnel] Reflect: ReflectionHelper{ServerConnection=class net.minecraft.server.network.ServerConnection, LegacyPingHandler=class net.minecraft.server.network.LegacyPingHandler, MinecraftServer=class net.minecraft.server.MinecraftServer, PacketSplitter=class net.minecraft.network.PacketSplitter, PacketDecoder=class net.minecraft.network.PacketDecoder, EnumProtocolDirection=class net.minecraft.network.protocol.EnumProtocolDirection, PacketPrepender=class net.minecraft.network.PacketPrepender, PacketEncoder=class net.minecraft.network.PacketEncoder, NetworkManagerServer=class net.minecraft.network.NetworkManagerServer, NetworkManager=class net.minecraft.network.NetworkManager, HandshakeListener=class net.minecraft.server.network.HandshakeListener, PacketListener=interface net.minecraft.network.PacketListener, CraftServer=null}
[15:45:35] [nioEventLoopGroup-2-2/INFO]: [gg.playit.minecraft.PlayitTcpTunnel] failed to get Minecraft server from Bukkit.getServer()
[15:45:35] [nioEventLoopGroup-2-2/INFO]: [gg.playit.minecraft.PlayitTcpTunnel] connecting to minecraft server at localhost/127.0.0.1:25565
[15:45:35] [nioEventLoopGroup-2-3/INFO]: [gg.playit.minecraft.PlayitTcpTunnel] connected to local minecraft server
[15:45:35] [nioEventLoopGroup-2-1/INFO]: [gg.playit.minecraft.PlayitTcpTunnel] connection to tunnel server has been established
[15:45:35] [nioEventLoopGroup-2-1/INFO]: [gg.playit.minecraft.PlayitTcpTunnel] Reflect: ReflectionHelper{ServerConnection=class net.minecraft.server.network.ServerConnection, LegacyPingHandler=class net.minecraft.server.network.LegacyPingHandler, MinecraftServer=class net.minecraft.server.MinecraftServer, PacketSplitter=class net.minecraft.network.PacketSplitter, PacketDecoder=class net.minecraft.network.PacketDecoder, EnumProtocolDirection=class net.minecraft.network.protocol.EnumProtocolDirection, PacketPrepender=class net.minecraft.network.PacketPrepender, PacketEncoder=class net.minecraft.network.PacketEncoder, NetworkManagerServer=class net.minecraft.network.NetworkManagerServer, NetworkManager=class net.minecraft.network.NetworkManager, HandshakeListener=class net.minecraft.server.network.HandshakeListener, PacketListener=interface net.minecraft.network.PacketListener, CraftServer=null}
[15:45:35] [nioEventLoopGroup-2-1/INFO]: [gg.playit.minecraft.PlayitTcpTunnel] failed to get Minecraft server from Bukkit.getServer()
[15:45:35] [nioEventLoopGroup-2-1/INFO]: [gg.playit.minecraft.PlayitTcpTunnel] connecting to minecraft server at localhost/127.0.0.1:25565
[15:45:35] [nioEventLoopGroup-2-4/INFO]: [gg.playit.minecraft.PlayitTcpTunnel] connected to local minecraft server
[15:45:36] [nioEventLoopGroup-2-1/WARN]: [gg.playit.minecraft.PlayitTcpTunnel] failed to send data to tunnel
[15:45:36] [nioEventLoopGroup-2-2/WARN]: [gg.playit.minecraft.PlayitTcpTunnel] failed to send data to tunnel
[15:49:08] [Thread-8/INFO]: [gg.playit.control.ChannelSetup] send keep alive
[15:51:26] [Server thread/INFO]: chiyari lost connection: Disconnected
[15:51:26] [Server thread/INFO]: chiyari left the game
[15:51:38] [Server thread/INFO]: Unknown command. Type "/help" for help.
[15:51:43] [Server thread/INFO]: Saving the game (this may take a moment!)
[15:51:43] [Server thread/INFO]: Saved the game
[15:51:58] [Server thread/INFO]: [STDOUT] [org.spigotmc.RestartCommand] Startup script './start.sh' does not exist! Stopping server.
[15:51:58] [Server thread/INFO]: BRONX09 lost connection: Server is restarting
[15:51:58] [Server thread/INFO]: BRONX09 left the game
[15:51:58] [Server thread/INFO]: Stopping server
[15:51:58] [Server thread/INFO]: [AdvancedTeleport] Disabling AdvancedTeleport v6.0.0
[15:51:58] [Server thread/INFO]: [AngelChest] Disabling AngelChest v11.0.1
[15:51:58] [Server thread/INFO]: [BlockLocker] Disabling BlockLocker v1.12.1
[15:51:58] [Server thread/INFO]: [Geyser-Spigot] Disabling Geyser-Spigot v2.2.2-SNAPSHOT
[15:51:58] [Server thread/INFO]: [Geyser-Spigot] Shutting down Geyser.
[15:51:58] [Server thread/INFO]: [Geyser-Spigot] Geyser shutdown successfully.
[15:51:58] [Server thread/INFO]: [playit-gg] Disabling playit-gg v0.1.4
[15:51:58] [Server thread/INFO]: Saving players
[15:51:58] [Server thread/INFO]: Saving worlds
[15:51:58] [Server thread/INFO]: Saving chunks for level 'ServerLevel[world]'/minecraft:overworld
[15:51:58] [Server thread/INFO]: [ChunkHolderManager] Waiting 60s for chunk system to halt for world 'world'
[15:51:58] [Server thread/INFO]: [ChunkHolderManager] Halted chunk system for world 'world'
[15:51:58] [Server thread/INFO]: [ChunkHolderManager] Saving all chunkholders for world 'world'
[15:51:58] [Server thread/INFO]: [ChunkHolderManager] Saved 3 block chunks, 335 entity chunks, 0 poi chunks in world 'world' in 0.07s
[15:51:59] [Server thread/INFO]: ThreadedAnvilChunkStorage (world): All chunks are saved
[15:51:59] [Server thread/INFO]: Saving chunks for level 'ServerLevel[world_nether]'/minecraft:the_nether
[15:51:59] [Server thread/INFO]: [ChunkHolderManager] Waiting 60s for chunk system to halt for world 'world_nether'
[15:51:59] [Server thread/INFO]: [ChunkHolderManager] Halted chunk system for world 'world_nether'
[15:51:59] [Server thread/INFO]: [ChunkHolderManager] Saving all chunkholders for world 'world_nether'
[15:51:59] [Server thread/INFO]: [ChunkHolderManager] Saved 0 block chunks, 10 entity chunks, 0 poi chunks in world 'world_nether' in 0.03s
[15:51:59] [Server thread/INFO]: ThreadedAnvilChunkStorage (DIM-1): All chunks are saved
[15:51:59] [Server thread/INFO]: Saving chunks for level 'ServerLevel[world_the_end]'/minecraft:the_end
[15:51:59] [Server thread/INFO]: [ChunkHolderManager] Waiting 60s for chunk system to halt for world 'world_the_end'
[15:51:59] [Server thread/INFO]: [ChunkHolderManager] Halted chunk system for world 'world_the_end'
[15:51:59] [Server thread/INFO]: [ChunkHolderManager] Saving all chunkholders for world 'world_the_end'
[15:51:59] [Server thread/INFO]: [ChunkHolderManager] Saved 0 block chunks, 0 entity chunks, 0 poi chunks in world 'world_the_end' in 0.00s
[15:51:59] [Server thread/INFO]: ThreadedAnvilChunkStorage (DIM1): All chunks are saved
[15:51:59] [Server thread/INFO]: ThreadedAnvilChunkStorage: All dimensions are saved
[15:51:59] [Server thread/INFO]: Flushing Chunk IO
[15:51:59] [Server thread/INFO]: Closing Thread Pool
[15:51:59] [Server thread/INFO]: Closing Server
